[debug] [2022-10-23T23:11:09.486Z] ----------------------------------------------------------------------
[debug] [2022-10-23T23:11:09.488Z] Command:       C:\Program Files\nodejs\node.exe C:\Users\gratn\AppData\Roaming\npm\node_modules\firebase-tools\lib\bin\firebase.js init
[debug] [2022-10-23T23:11:09.489Z] CLI Version:   11.15.0
[debug] [2022-10-23T23:11:09.489Z] Platform:      win32
[debug] [2022-10-23T23:11:09.489Z] Node Version:  v16.16.0
[debug] [2022-10-23T23:11:09.492Z] Time:          Sun Oct 23 2022 18:11:09 GMT-0500 (hora estándar de Colombia)
[debug] [2022-10-23T23:11:09.492Z] ----------------------------------------------------------------------
[debug] 
[debug] [2022-10-23T23:11:09.511Z] > command requires scopes: ["email","openid","https://www.googleapis.com/auth/cloudplatformprojects.readonly","https://www.googleapis.com/auth/firebase","https://www.googleapis.com/auth/cloud-platform"]
[debug] [2022-10-23T23:11:09.512Z] > authorizing via signed-in user (gratno@gmail.com)
[info] 
     ######## #### ########  ######## ########     ###     ######  ########
     ##        ##  ##     ## ##       ##     ##  ##   ##  ##       ##
     ######    ##  ########  ######   ########  #########  ######  ######
     ##        ##  ##    ##  ##       ##     ## ##     ##       ## ##
     ##       #### ##     ## ######## ########  ##     ##  ######  ########

You're about to initialize a Firebase project in this directory:

  C:\Users\gratn\Documents\html\vhtml\liveserver\ORACLE\frontend\artbo

[info] 
=== Project Setup
[info] 
[info] First, let's associate this project directory with a Firebase project.
[info] You can create multiple project aliases by running firebase use --add, 
[info] but for now we'll just set up a default project.
[info] 
[debug] [2022-10-23T23:11:24.575Z] >>> [apiv2][query] GET https://firebase.googleapis.com/v1beta1/projects pageSize=100
[debug] [2022-10-23T23:11:25.030Z] <<< [apiv2][status] GET https://firebase.googleapis.com/v1beta1/projects 200
[debug] [2022-10-23T23:11:25.030Z] <<< [apiv2][body] GET https://firebase.googleapis.com/v1beta1/projects [omitted]
[info] i  Using project artbo-e88b3 (artbo) 
[info] 
=== Hosting Setup
[info] 
[info] Your public directory is the folder (relative to your project directory) that
[info] will contain Hosting assets to be uploaded with firebase deploy. If you
[info] have a build process for your assets, use your build's output directory.
[info] 
[debug] [2022-10-23T23:12:51.524Z] >>> [apiv2][query] GET https://www.gstatic.com/firebasejs/releases.json [none]
[debug] [2022-10-23T23:12:51.689Z] <<< [apiv2][status] GET https://www.gstatic.com/firebasejs/releases.json 200
[debug] [2022-10-23T23:12:51.690Z] <<< [apiv2][body] GET https://www.gstatic.com/firebasejs/releases.json {"current":{"version":"9.12.1","browserURL":"https://www.gstatic.com/firebasejs/9.12.1/firebase.js","packageURL":"https://www.gstatic.com/firebasejs/9.12.1/firebase.tgz"},"live":{"version":"9.12","browserURL":"https://www.gstatic.com/firebasejs/live/9.12/firebase.js","packageURL":"https://www.gstatic.com/firebasejs/live/9.12/firebase.tgz"},"components":{"analytics":"https://www.gstatic.com/firebasejs/9.12.1/firebase-analytics.js","app":"https://www.gstatic.com/firebasejs/9.12.1/firebase-app.js","app-check":"https://www.gstatic.com/firebasejs/9.12.1/firebase-app-check.js","auth":"https://www.gstatic.com/firebasejs/9.12.1/firebase-auth.js","auth/cordova":"https://www.gstatic.com/firebasejs/9.12.1/firebase-auth/cordova.js","auth/react-native":"https://www.gstatic.com/firebasejs/9.12.1/firebase-auth/react-native.js","functions":"https://www.gstatic.com/firebasejs/9.12.1/firebase-functions.js","firestore":"https://www.gstatic.com/firebasejs/9.12.1/firebase-firestore.js","firestore/lite":"https://www.gstatic.com/firebasejs/9.12.1/firebase-firestore/lite.js","installations":"https://www.gstatic.com/firebasejs/9.12.1/firebase-installations.js","storage":"https://www.gstatic.com/firebasejs/9.12.1/firebase-storage.js","performance":"https://www.gstatic.com/firebasejs/9.12.1/firebase-performance.js","remote-config":"https://www.gstatic.com/firebasejs/9.12.1/firebase-remote-config.js","messaging":"https://www.gstatic.com/firebasejs/9.12.1/firebase-messaging.js","messaging/sw":"https://www.gstatic.com/firebasejs/9.12.1/firebase-messaging/sw.js","database":"https://www.gstatic.com/firebasejs/9.12.1/firebase-database.js","firestore.memory":"https://www.gstatic.com/firebasejs/9.12.1/firebase-firestore.memory.js"}}
[info] +  Wrote artbo/index.html 
[info] 
[info] i  Detected a .git folder at C:\Users\gratn 
[info] i  Authorizing with GitHub to upload your service account to a GitHub repository's secrets store. 
[info] 
[info] Visit this URL on this device to log in:
[info] https://github.com/login/oauth/authorize?client_id=89cf50f02ac6aaed3484&state=517753253&redirect_uri=http%3A%2F%2Flocalhost%3A9005&scope=read%3Auser%20repo%20public_repo
[info] 
[info] Waiting for authentication...
[debug] [2022-10-23T23:13:10.629Z] >>> [apiv2][query] POST https://github.com/login/oauth/access_token [none]
[debug] [2022-10-23T23:13:10.630Z] >>> [apiv2][body] POST https://github.com/login/oauth/access_token [stream]
[debug] [2022-10-23T23:13:11.033Z] <<< [apiv2][status] POST https://github.com/login/oauth/access_token 200
[debug] [2022-10-23T23:13:11.034Z] <<< [apiv2][body] POST https://github.com/login/oauth/access_token {"access_token":"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","token_type":"bearer","scope":"read:user,repo"}
[debug] [2022-10-23T23:13:11.039Z] >>> [apiv2][query] GET https://api.github.com/user [none]
[debug] [2022-10-23T23:13:11.463Z] <<< [apiv2][status] GET https://api.github.com/user 200
[debug] [2022-10-23T23:13:11.463Z] <<< [apiv2][body] GET https://api.github.com/user {"login":"Miles-Arts","id":82297475,"node_id":"MDQ6VXNlcjgyMjk3NDc1","avatar_url":"https://avatars.githubusercontent.com/u/82297475?v=4","gravatar_id":"","url":"https://api.github.com/users/Miles-Arts","html_url":"https://github.com/Miles-Arts","followers_url":"https://api.github.com/users/Miles-Arts/followers","following_url":"https://api.github.com/users/Miles-Arts/following{/other_user}","gists_url":"https://api.github.com/users/Miles-Arts/gists{/gist_id}","starred_url":"https://api.github.com/users/Miles-Arts/starred{/owner}{/repo}","subscriptions_url":"https://api.github.com/users/Miles-Arts/subscriptions","organizations_url":"https://api.github.com/users/Miles-Arts/orgs","repos_url":"https://api.github.com/users/Miles-Arts/repos","events_url":"https://api.github.com/users/Miles-Arts/events{/privacy}","received_events_url":"https://api.github.com/users/Miles-Arts/received_events","type":"User","site_admin":false,"name":"Milton Figueredo","company":null,"blog":"www.miles-arts.com","location":"Colombia","email":null,"hireable":null,"bio":"Learning Web Development.\r\n/\r\nEntering the Technological world.","twitter_username":"arts_miles","public_repos":21,"public_gists":0,"followers":7,"following":71,"created_at":"2021-04-11T01:57:38Z","updated_at":"2022-09-13T18:30:33Z","private_gists":0,"total_private_repos":1,"owned_private_repos":1,"disk_usage":27024,"collaborators":0,"two_factor_authentication":false,"plan":{"name":"free","space":976562499,"collaborators":0,"private_repos":10000}}
[info] 
[info] +  Success! Logged into GitHub as Miles-Arts 
[info] 
[debug] [2022-10-23T23:14:03.988Z] >>> [apiv2][query] GET https://api.github.com/repos//actions/secrets/public-key type=owner
[debug] [2022-10-23T23:14:04.377Z] <<< [apiv2][status] GET https://api.github.com/repos//actions/secrets/public-key 404
[debug] [2022-10-23T23:14:04.377Z] <<< [apiv2][body] GET https://api.github.com/repos//actions/secrets/public-key {"message":"Not Found","documentation_url":"https://docs.github.com/rest"}
[debug] [2022-10-23T23:14:10.882Z] >>> [apiv2][query] GET https://api.github.com/repos/y/actions/secrets/public-key type=owner
[debug] [2022-10-23T23:14:11.206Z] <<< [apiv2][status] GET https://api.github.com/repos/y/actions/secrets/public-key 404
[debug] [2022-10-23T23:14:11.206Z] <<< [apiv2][body] GET https://api.github.com/repos/y/actions/secrets/public-key {"message":"Not Found","documentation_url":"https://docs.github.com/rest"}
[debug] [2022-10-23T23:14:57.835Z] >>> [apiv2][query] GET https://api.github.com/repos/user/repository/actions/secrets/public-key type=owner
[debug] [2022-10-23T23:14:58.231Z] <<< [apiv2][status] GET https://api.github.com/repos/user/repository/actions/secrets/public-key 404
[debug] [2022-10-23T23:14:58.231Z] <<< [apiv2][body] GET https://api.github.com/repos/user/repository/actions/secrets/public-key {"message":"Not Found","documentation_url":"https://docs.github.com/rest/reference/actions#get-a-repository-public-key"}
[debug] [2022-10-23T23:15:04.594Z] >>> [apiv2][query] GET https://api.github.com/repos//actions/secrets/public-key type=owner
[debug] [2022-10-23T23:15:04.934Z] <<< [apiv2][status] GET https://api.github.com/repos//actions/secrets/public-key 404
[debug] [2022-10-23T23:15:04.934Z] <<< [apiv2][body] GET https://api.github.com/repos//actions/secrets/public-key {"message":"Not Found","documentation_url":"https://docs.github.com/rest"}
[debug] [2022-10-23T23:15:08.899Z] >>> [apiv2][query] GET https://api.github.com/repos/+/actions/secrets/public-key type=owner
[debug] [2022-10-23T23:15:09.220Z] <<< [apiv2][status] GET https://api.github.com/repos/+/actions/secrets/public-key 404
[debug] [2022-10-23T23:15:09.220Z] <<< [apiv2][body] GET https://api.github.com/repos/+/actions/secrets/public-key {"message":"Not Found","documentation_url":"https://docs.github.com/rest"}
